# JRE version: OpenJDK Runtime Environment (8.0) (build 1.8.0-25-microsoft-b00)
# Java VM: OpenJDK 64-Bit Server VM (25.71-b00 mixed mode windows-amd64 compressed oops)
Heap:
 PSYoungGen      total 270848K, used 172988K [0x00000000eab00000, 0x00000000fbe00000, 0x0000000100000000)
  eden space 260096K, 62% used [0x00000000eab00000,0x00000000f4970ec8,0x00000000fa900000)
  from space 10752K, 99% used [0x00000000fb380000,0x00000000fbdfe520,0x00000000fbe00000)
  to   space 10752K, 0% used [0x00000000fa900000,0x00000000fa900000,0x00000000fb380000)
 ParOldGen       total 173568K, used 47089K [0x00000000c0000000, 0x00000000ca980000, 0x00000000eab00000)
  object space 173568K, 27% used [0x00000000c0000000,0x00000000c2dfc530,0x00000000ca980000)
 Metaspace       used 15118K, capacity 16154K, committed 16384K, reserved 1062912K
  class space    used 1914K, capacity 2183K, committed 2304K, reserved 1048576K
GC Heap History (8 events):
Event: 0.369 GC heap before
{Heap before GC invocations=1 (full 0):
 PSYoungGen      total 75776K, used 65024K [0x00000000eab00000, 0x00000000eff80000, 0x0000000100000000)
  eden space 65024K, 100% used [0x00000000eab00000,0x00000000eea80000,0x00000000eea80000)
  from space 10752K, 0% used [0x00000000ef500000,0x00000000ef500000,0x00000000eff80000)
  to   space 10752K, 0% used [0x00000000eea80000,0x00000000eea80000,0x00000000ef500000)
 ParOldGen       total 173568K, used 0K [0x00000000c0000000, 0x00000000ca980000, 0x00000000eab00000)
  object space 173568K, 0% used [0x00000000c0000000,0x00000000c0000000,0x00000000ca980000)
 Metaspace       used 7893K, capacity 8124K, committed 8192K, reserved 1056768K
  class space    used 900K, capacity 996K, committed 1024K, reserved 1048576K
Event: 0.375 GC heap after
Heap after GC invocations=1 (full 0):
 PSYoungGen      total 75776K, used 10749K [0x00000000eab00000, 0x00000000f3f00000, 0x0000000100000000)
  eden space 65024K, 0% used [0x00000000eab00000,0x00000000eab00000,0x00000000eea80000)
  from space 10752K, 99% used [0x00000000eea80000,0x00000000ef4ff528,0x00000000ef500000)
  to   space 10752K, 0% used [0x00000000f3480000,0x00000000f3480000,0x00000000f3f00000)
 ParOldGen       total 173568K, used 6517K [0x00000000c0000000, 0x00000000ca980000, 0x00000000eab00000)
  object space 173568K, 3% used [0x00000000c0000000,0x00000000c065d470,0x00000000ca980000)
 Metaspace       used 7893K, capacity 8124K, committed 8192K, reserved 1056768K
  class space    used 900K, capacity 996K, committed 1024K, reserved 1048576K
}
Event: 0.528 GC heap before
{Heap before GC invocations=2 (full 0):
 PSYoungGen      total 75776K, used 75773K [0x00000000eab00000, 0x00000000f3f00000, 0x0000000100000000)
  eden space 65024K, 100% used [0x00000000eab00000,0x00000000eea80000,0x00000000eea80000)
  from space 10752K, 99% used [0x00000000eea80000,0x00000000ef4ff528,0x00000000ef500000)
  to   space 10752K, 0% used [0x00000000f3480000,0x00000000f3480000,0x00000000f3f00000)
 ParOldGen       total 173568K, used 6517K [0x00000000c0000000, 0x00000000ca980000, 0x00000000eab00000)
  object space 173568K, 3% used [0x00000000c0000000,0x00000000c065d470,0x00000000ca980000)
 Metaspace       used 8993K, capacity 9378K, committed 9600K, reserved 1058816K
  class space    used 1022K, capacity 1117K, committed 1152K, reserved 1048576K
Event: 0.538 GC heap after
Heap after GC invocations=2 (full 0):
 PSYoungGen      total 140800K, used 10746K [0x00000000eab00000, 0x00000000f3f00000, 0x0000000100000000)
  eden space 130048K, 0% used [0x00000000eab00000,0x00000000eab00000,0x00000000f2a00000)
  from space 10752K, 99% used [0x00000000f3480000,0x00000000f3efe850,0x00000000f3f00000)
  to   space 10752K, 0% used [0x00000000f2a00000,0x00000000f2a00000,0x00000000f3480000)
 ParOldGen       total 173568K, used 21785K [0x00000000c0000000, 0x00000000ca980000, 0x00000000eab00000)
  object space 173568K, 12% used [0x00000000c0000000,0x00000000c1546648,0x00000000ca980000)
 Metaspace       used 8993K, capacity 9378K, committed 9600K, reserved 1058816K
  class space    used 1022K, capacity 1117K, committed 1152K, reserved 1048576K
}
Event: 0.787 GC heap before
{Heap before GC invocations=3 (full 0):
 PSYoungGen      total 140800K, used 140794K [0x00000000eab00000, 0x00000000f3f00000, 0x0000000100000000)
  eden space 130048K, 100% used [0x00000000eab00000,0x00000000f2a00000,0x00000000f2a00000)
  from space 10752K, 99% used [0x00000000f3480000,0x00000000f3efe850,0x00000000f3f00000)
  to   space 10752K, 0% used [0x00000000f2a00000,0x00000000f2a00000,0x00000000f3480000)
 ParOldGen       total 173568K, used 21785K [0x00000000c0000000, 0x00000000ca980000, 0x00000000eab00000)
  object space 173568K, 12% used [0x00000000c0000000,0x00000000c1546648,0x00000000ca980000)
 Metaspace       used 9488K, capacity 9910K, committed 10240K, reserved 1058816K
  class space    used 1080K, capacity 1185K, committed 1280K, reserved 1048576K
Event: 0.806 GC heap after
Heap after GC invocations=3 (full 0):
 PSYoungGen      total 140800K, used 10731K [0x00000000eab00000, 0x00000000fbe00000, 0x0000000100000000)
  eden space 130048K, 0% used [0x00000000eab00000,0x00000000eab00000,0x00000000f2a00000)
  from space 10752K, 99% used [0x00000000f2a00000,0x00000000f347ae60,0x00000000f3480000)
  to   space 10752K, 0% used [0x00000000fb380000,0x00000000fb380000,0x00000000fbe00000)
 ParOldGen       total 173568K, used 39538K [0x00000000c0000000, 0x00000000ca980000, 0x00000000eab00000)
  object space 173568K, 22% used [0x00000000c0000000,0x00000000c269ca68,0x00000000ca980000)
 Metaspace       used 9488K, capacity 9910K, committed 10240K, reserved 1058816K
  class space    used 1080K, capacity 1185K, committed 1280K, reserved 1048576K
}
Event: 1.321 GC heap before
{Heap before GC invocations=4 (full 0):
 PSYoungGen      total 140800K, used 140779K [0x00000000eab00000, 0x00000000fbe00000, 0x0000000100000000)
  eden space 130048K, 100% used [0x00000000eab00000,0x00000000f2a00000,0x00000000f2a00000)
  from space 10752K, 99% used [0x00000000f2a00000,0x00000000f347ae60,0x00000000f3480000)
  to   space 10752K, 0% used [0x00000000fb380000,0x00000000fb380000,0x00000000fbe00000)
 ParOldGen       total 173568K, used 39538K [0x00000000c0000000, 0x00000000ca980000, 0x00000000eab00000)
  object space 173568K, 22% used [0x00000000c0000000,0x00000000c269ca68,0x00000000ca980000)
 Metaspace       used 14952K, capacity 15958K, committed 16000K, reserved 1062912K
  class space    used 1889K, capacity 2141K, committed 2176K, reserved 1048576K
Event: 1.337 GC heap after
Heap after GC invocations=4 (full 0):
 PSYoungGen      total 270848K, used 10745K [0x00000000eab00000, 0x00000000fbe00000, 0x0000000100000000)
  eden space 260096K, 0% used [0x00000000eab00000,0x00000000eab00000,0x00000000fa900000)
  from space 10752K, 99% used [0x00000000fb380000,0x00000000fbdfe520,0x00000000fbe00000)
  to   space 10752K, 0% used [0x00000000fa900000,0x00000000fa900000,0x00000000fb380000)
 ParOldGen       total 173568K, used 47089K [0x00000000c0000000, 0x00000000ca980000, 0x00000000eab00000)
  object space 173568K, 27% used [0x00000000c0000000,0x00000000c2dfc530,0x00000000ca980000)
 Metaspace       used 14952K, capacity 15958K, committed 16000K, reserved 1062912K
  class space    used 1889K, capacity 2141K, committed 2176K, reserved 1048576K
}

